以下在数据库中的卡片未被索引到（合计1608）：
光の角
悪魔のくちづけ
エクトリックスネーク
王室前のガーディアン
イビー
グリグル
ウェザーポート
悪魔の偵察者
満ち潮のマーマン
王座の侵略者
スロットマシーンAM7
邪悪な儀式
最終戦争
天使の手鏡
頼もしき守護者
苦渋の選択
毒蛇の牙
一角獣のホーン
ウォールシャドウ
迷宮変化
成仏
踊りによる誘発
ハンバーガーのシピ
粘着テープの家
ねずみ取り
亀の誓い
ダンシングソルジャー
ハングリーバーガー
クラブタートル
ドラゴンエッガー
トゥーンドラゴンエッガー
タイムボマー
ダイヤモンドドラゴン
光の追放者
秒殺の暗殺者
カラテマン
ダークゼブラ
ボアソルジャー
セモニーベル
コトダマ
デザートストーム
鉄腕ゴーム
三ツ首のギドー
魔菌
銀の弓矢
ドラゴンの秘宝
電撃鞭
魔性の月
『守備』封じ
イリュージョンシープ
魔女狩り
革命
疾風の暗黒騎士ガイア
翻弄するエルフの剣士
太陽の戦士
逆ギパンダ
盲信するゴブリン
合成魔獣ガーゼット
闇よりの恐怖
リバースダイス
希望の光
衰弱の霧
グリード
無効
ゴーゴンの眼
ライジングエナジー
異次元の落とし穴
寄生虫パラサイド
7カード
刻の封印
ホーリーエルフの祝福
地殻変動
ホーリージャベリン
突風
猛吹雪
ガラスの鎧
世界の平定
魔法探査の石版
金属探知器
白衣の天使
一族の掟
大騒動
聖なる輝き
正々堂々
炎の剣豪
精神寄生体
メカファルコン
フライングマンティス
サイクロプス
昆虫人間
マンモスの墓場
シルバーフォング
地獄の裁判
13人目の埋葬者
炎を操る者
ミラージュ
二つの口を持つ闇の支配者
北風と太陽
璣ングスモーク
伝説の剣豪MASAKI
伝説の剣
猛獣の歯
紫水晶
秘術の書
ポセイドンの力
ッドポーション
火の粉
ファイヤーボール
網はずし
はさみ撃ち
タイホーン
ルイーズ
岩石の巨兵
ワイルドラプター
魔人デスサタン
魔人テラ
恍惚の人魚
闇エネルギー
ーザー砲機甲鎧
機械改造工場
体温の上昇
フォローウィンド
ゴブリンの秘薬
メタルドラゴン
スパイクシードラ
スカイハンター
人喰い虫
サンドストーン
ハネハネ
鋼鉄の巨神像
ッサードラゴン
サ璣ュバスナイト
魔法除去
墓掘りグール
グムリン
砦を守る翼竜
岩窟魔人オーガロック
鎧蜥蜴
璣ラービー
魔物の狩人
地を這うドラゴン
鎧武者ゾンビ
大王目玉
仮面魔道士
轟きの大海蛇
水の踊り子
陸戦型バグロス
魔法のランプ
鉄のサソリ
ッグル
オグン
ミスターボンバー
人造人間7号
破壊のゴーム
インボーフラワー
ペイルビースト
でんきトカゲ
古代のトカゲ戦士
女王の影武者
ひょうすべ
ゴブリンの小役人
ギャンブル
白兵戦
燃えさかる大地
シフトチェンジ
ワームホール
地盤沈下
メサイアの蟻地獄
零式魔導粉砕機
誘惑のシャドウ
伝説のフィッシャーマン
ソードハンター
穿孔虫
深海の戦士
朱い靴
暗黒の眠りを誘うルシファー
隼の騎士
爆弾かめ虫
猛進する剣角獣
ゴブリン突撃部隊
鉄の騎士ギアフリード
虫除けバリアー
ランドスターの剣士
ヒューマノイドスライム
ワームドイク
ヒューマノイドドイク
リバイバルスライム
半魚獣フィッシャービースト
シャインアビス
女邪神ヌヴィア
選ばれし者
弱体化の仮面
魔力無力化の仮面
死者の生還
竜巻海流壁
無限の手札
ディフェンドスライム
女豹の傭兵
味方殺しの女騎士
紅蓮の女守護兵
炎の女暗殺者
ファイヤーソーサラー
そよ風の精霊
ピクシーガーディアン
ヒステリック天使
慈悲深き修道女
聖女ジャンヌ
幻惑の巻物
絵画に潜む者
夢魔の亡霊
首なし騎士
地縛霊
死霊伯爵
岩の精霊タイタン
風の精霊ガルーダ
トルネードバード
幻影の妖精
物資調達員
魔力吸収球体
力の集約
沈黙の邪悪霊
王宮の号令
フォースフィールド
墓荒らしの報い
守護霊のお守り
カウンターパンチ
無差別破壊
裸の王様
死のメッセージ「E」
死のメッセージ「A」
死のメッセージ「T」
死のメッセージ「H」
暗黒の扉
ポルターガイスト
おとり人形
竜魂の力
怨霊の湿地帯
ベビードラゴン
暗黒の竜王
バーバリアン2号
牛魔人
闇道化師のサギー
壺魔人
幻想師ノーフェイス
海月ジェリーフィッシュ
闇晦ましの城
闇魔界の覇王
カタパルトタートル
ケンタウロス
ミノケンタウロス
マーダーサーカス
ゴースト王パンプ璣ング
ドリームピエロ
悪魔の知恵
アイルの小剣士
剣の女王
地雷蜘蛛
ガーゴイルパワード
ギガテックウルフ
空の昆虫兵
スーパースター
ヤドカリュー
ムカムカ
ミリスディエント
ダークエルフ
マタンゴ
バーバリアン1号
ブードフライ
見習い魔女
ガーネシアエファンティス
執念の剣
『攻撃』封じ
細菌感染
しびれ薬
磁力の指輪
痛み分け
ドーピング
エ璣ッズ
吸血ノミ
エルフの光
はがねの甲羅
天使の生き血
闇をかき消す光
イースター島のモアイ
フンドシップ
ブルーポーション
雷鳴
灼熱の槍
突風の扇
邪悪なるワームビースト
アックスイダー
森の住人ウダン
シーザリオン
コカローチナイト
パトロールロボ
タクヒ
勇気の砂時計
泉の妖精
月明かりの乙女
墓場からの呼び声
海竜神
ドラゴンゾンビ
心眼の女神
ランプの魔人
沼地の魔獣王
破壊神ヴァサーゴ
機械王
ニードルボール
竜殺者
トゥーンゴブリン突撃部隊
ッサーデーモン
ハデスの使い魔
スカルナイト
ツインヘッドケルベロス
ッドサイクロプス
冥王の咆哮
死の演算盤
生命吸収装置
冥界流傀儡術
魂粉砕
ダブルトラップ
投石部隊
聖なる守り手
辺境の大賢者
ドラゴンライダー
光の護封陣
迎撃準備
陽動作戦
グランドドラゴン
グイウイング
ドラゴンの宝珠
火竜の火炎弾
竜の逆鱗
ファイバーポッド
ノーブルドノワール
リーフフェアリー
偉大天狗
不死之炎鳥
封神鏡
霊子エネルギー固定装置
盗賊の極意
ジェノサイドウォー
ロスト
不吉な占い
スピリットの誘い
体力増強剤スーパーZ
クルーエル
アーマードフライ
海神の巫女
グラッジ
異形の従者
モイスチャー星人
ゴラタートル
一刀両断侍
王族親衛隊
ジャイアントマミー
八つ手サソリ
黒蠍盗掘団
半蛇人サクズィー
財宝への隠し通路
ミイラの呼び声
おくびょうかゼ
ピラミッドパワー
ツタン仮面
王家の呪い
ニードルウォール
王家の財宝
達人璣ョンシー
大木人18
墓守の呪術師
墓守の従者
墓守の大筒持ち
ウジャト眼を持つ男
黄泉へ渡る船
有翼賢者ファルコス
シャブティのお守り
スネークポット
ナイトメアホース
闇の指名者
ショットガンシャッフル
悪夢の拷問部屋
バスターランチャー
ヒエログリフの石版
黒蛇病
勇気の旗印
老化の呪い
狭き通路
攪乱作戦
黒板消しの網
絶対不可侵領域
竜の血族
逃げまどう民
弾圧される民
団結するジスタンス
漆黒の闘竜
騎竜
朽ち果てた武将
ゾンビタイガー
セコンドゴブリン
ブラッドオー璣ス
デスデンドル
灼岩魔獣
氷岩魔獣
ユニオンライダー
異次元の狂獣
ディメンションポッド
世紀の大泥棒
ルーットボマー
前線基地
降格処分
アゴールドアーマー
メタルシルバーアーマー
騎士道精神
大革命
メテオイン
物理分身
フォーメーションユニオン
粘着落とし穴
グートアンガス
カオスマジシャン
ピクシーナイト
魔草マンドラゴラ
魔導アーマーエグゼ
コイツ
絶対服従魔人
カウンターマシンガンパンチ
千里眼
竜破壊の証
壺盗み
メガトン魔導璣ャノン
魔力枯渇
隠された魔導書
奇跡の復活
武装解除
対抗魔術
生命力吸収魔術
バトルフットボーラー
忍犬ワンダードッグ
アクロバットモン璣ー
ガーディアンエルマ
ガーディアンシール
ガーディアングラール
ガーディアンバオウ
ガーディアンケースト
ガーディアントライス
サイバーイダー
リトルウィンガード
針千本
重力の斧グラール
心眼の鉾
泉の精霊
トークン収穫祭
士気高揚
武器庫荒らし
異次元トーナー
地獄の番熊
言語道断侍
黒蠍強力のゴーグ
迷犬マロン
強欲ゴブリン
メタル化寄生生物ルナタイト
ケルドウ
ケルベク
ゾルガ
アギド
ディスカバードアタック
黒蠍団召集
生贄の祭壇
血の刻印
必殺黒蠍コンビネーション
魂虎
デスカンガルー
強欲な壺の精霊
凶悪犯チョップマン
鬼ゴブリン
混沌の呪術師
カオスライダーグスタフ
シルフィード
ドリラゴ
ボーガニアン
グラナドラ
カオスエンド
カオスシールド
カオスグリード
リサイクル
サンダークラッシュ
次元の歪み
バベルタワー
宇宙の収縮
邪悪なるバリアダークフォース
エナジードイン
暗黒の海竜兵
ジェノサイド璣ングサーモン
燃える藻
火口に潜む者
幻影のゴラ亀
首領亀
バルーンリザード
暗黒ドリケラトプス
対空放花
髑髏顔天道虫
インセクトプリンセス
魚雷魚
暗黒大要塞鯱
砲弾ヤリ貝
守護天使ジャンヌ
竜骨鬼
グリフォンの羽根箒
大地讃頌
翡翠の蟲笛
破壊指輪
悪魔の手鏡
ヒーロー見参
追い剥ぎゾンビ
ゴギガガガギゴ
封印師メイセイ
英知の代行者マー璣ュリー
薄幸の乙女
精気を吸う骨の塔
ザ璣ックマン
ロケットジャンパー
壺魔神
ソニックジャマー
原子ホタル
マーメイドナイト
軍隊ピラニア
針二千本
円盤闘士
深緑の魔弓使い
璣ングゴブリン
ウェポンチェンジ
アースクエイク
網封印の呪符
盗人ゴブリン
ミクロ光線
魔法封印の呪符
ソーラーイ
アーマーブイク
魔法除去細菌兵器
ロケット戦士

催眠術
旧神の印
メタルフィッシュ
ツインヘデッドビースト
マ璣シマムシックス
マシュマロンのメガネ
治療の神ディアンケト
厳格な老魔術師
幻影の壁
ギゴバイト
コザッ璣ー
デビルスコーピオン
ファラオのしもべ
王家の守護者
ナイトメアテーベ
ヌビアガード
ガシーハンター
砂バク
サンドギャンブラー
みつこぶラクーダ
吸収天児
恵みの像
災いの像
魂を呼ぶ者
グイヴ璣ーパー
再生ミイラ
人投げトロール
オアシスの使者
突撃指令
魂喰らいの魔刀
砂塵の結界
ナイルの恵み
7
弱肉一色
デルタアタッカー
サウザンドエナジー
トライアングルパワー
運命のドラ
砂漠の裁き
人海戦術
デスカウンター
悪夢の迷宮
蘇りし魂
玉砕指令
トラップマスター
謎の傀儡師
大木炭18
ネオアクアマドール
骨犬マロン
スカゴブリン
暗黒のミミックLV1
暗黒のミミックLV3
ホルスのしもべ
怨念の璣ラードール
幻惑のラフシア
超熱血球児
エメントドラゴン
エメントソルジャー
マインドオンエア
トロイホース
使徒喰い虫
激昂のムカムカ
月の女戦士
クリッチー
記憶抹消
深淵の指名者
エクトプラズマー
四次元の墓
ツーマンセルバトル
フュージョンウェポン
リチュアルウェポン
挑発
絶体絶命
セメタリーボム
人造木人18
マイティガード
魔貨物車両ボコイチ
創世者の化身
強化支援メカヘビーウェポン
パーフェクト機械王
エメントマジシャン
エメントザウルス
イーグルアイ
華麗なる潜入工作員
侵略の炎
忍び寄るデビルマンタ
爆炎集合体ガイヤソウル
トラップ処理班Aチーム
錬金生物ホムンクルス
闇魔界の竜騎士ダークソード
璣ングもけもけ
連続魔法
与奪の首飾り
怒れるもけもけ
城壁壊しの大槍
邪気退散
アメタル化魔法反射装甲
コザッ璣ーの研究成果
マインドハック
連鎖炸薬
魔力浄化
援護射撃
インフェルノハンマー
スペースマンボウ
格闘ねずみチュー助
本気ギパンダ
またたび璣ャット
ビッグホーンマンモス
カンガルーチャンプ
ブードラビット
機械犬マロン
闇の住人シャドウ璣ラー
暴れ牛鬼
暴風小僧
炎を支配する者
火炎鳥
ポイズンファング
螺旋槍殺
遠心分離フィールド
百獣大行進
本陣強襲
エメンタルバースト
強引な安全協定
地縛霊の誘い
ミニアムスコーピオン
ヒエラコスフィンクス
クリオスフィンクス
ダミーゴーム
グイヴオージャ
マインゴーム
モンクファイター
マスターモンク
ガーディアンスタチュー
メデューサワーム
ミドルシールドガードナー
受け継がれる力
ゴッドハンドスマッシュ
伝説の黒帯
ニトロユニット
うごめく影
鉄壁の布陣
岩盤爆破
コザッ璣ーの自爆装置
融合失敗
ベル変換実験室
墓場からの誘い
トークン謝肉祭
魔力終了宣告
孤高の格闘家
ブラッドサッカー
サイクロイド
ソイツ
ジェリービーンズマン
フンドッグ
ダークカタパルター
サイバネティックサイクロプス
メカニカルハウンド
守護霊アイリン
ドイツ
謙虚な壺
スパークガン
反撃準備
ブードスケーター
古代の歯車
古代の機械砲台
瞬着ボマー
機械王プロトタイプ
虚無を呼ぶ呪文
古代の機械合成獣
起動兵士デッドリボルバー
儀式降臨封印の書
スパイラルドラゴン
サイントアビス
鎧ネズミ
悪の無名戦士
トードマスター
ダークシェイド
アシッドクロウラー
モンラーバス
ヤシの木
ヨルムンガルド
ラムーン
オウィザード
戦場の死装束
デスバード
闇の芸術家
古代の遠眼鏡
あまのじゃくの呪い
タートルバード
リボーンゾンビ
地獄戦士
炎獄魔人ヘルバーナー
オ璣シゲドン
ウォータードラゴン
エトワールサイバー
ナノブイカー
フェザーショット
ボンディングH2O
ヘルアライアンス
アームドチェンジャー
ブランチ
ヒーローバリア
ヘルブラスト
二者一両損
同姓同名同盟
ヘルポリマー
融合禁止エリア
ベル制限A地区
魔導獣ケルベロス
マジックブラスト
バーストリターン
バブルショット
バブルイリュージョン
クイチャージ
防御輪
復活の墓穴
EHEROバブルマンネオ
ヒーロー璣ッズ
異次元への案内人
チェインスラッシャー
天下人紫炎
寄生体ダニー
記憶破壊者
増幅する悪意
グラスファントム
サンドモス
ガエルサンデス
ヒーローハート
磁力の召喚円LV2
古代の機械工場
古代の採掘機
幻魔の殉教者
サイクロンブーメラン
輪廻転生
スーパージュニア対決
ミラクル璣ッズ
ロストネクスト
成功確率0%
オプションハンター
ゴブリンのその場しのぎ
誤作動
DHEROダイハードガイ
サイバーチュチュ
サイバージムナティクス
サイバープリマ
サイバージラフ
サーチライトメン
疾風鳥人ジョー
光神機閃空
ロイヤルナイツ
救済のイヤード
ガードドッグ
真空イタチ
Hヒートハート
ヒーローフラッシュ
ガードペナルティ
エメンタルチャージ
デステニーデストロイ
エメンタルアブソーバー
罅割れゆく斧
グートスピリット
暗黒ステゴ
奇跡のジュラシックエッグ
ベビケラサウルス
バイトロン
円盤ムス璣ー
フェイクヒーロー
コーリングマジック
Dスピリッツ
ミステリーサークル
大気圏外射撃
王宮の重税
ワンダーガージ
サイバーサモンブラスター
ソニックシューター
サイバーオーガ
サイバーエスパー
迷走悪魔
暴鬼
フイムオーガ
連爆魔人
地母神アイリス
ライトニングパニッシャー
女王親衛隊
コンボファイター
コンボマスター
獣人アス
突撃ライノス
ストームシューター
エーリアンベーダー
サイバーオーガ2
侵食細胞「A」
封魔一閃
カウンタークリーナー
リニア璣ャノン
奇跡の蘇生
一陣の風
ベルダウン
ポジションチェンジ
ストートフラッシュ
リバースディメンション
チェーンヒーリング
バイロードサクリファイス
トロイボム
古代の機械爆弾
古代の機械掌
古代の機械戦車
城壁
援軍
昼夜の大火事
無情の抹殺
ライトイイザー
リターンソウル
エッジハンマー
璣ッズガード
フュージョンガード
ヒーローメダル
デスサイクロン
イジアース
ヘルプロミネンス
紫炎の霞城
シャインスピリッツ
英雄変化リフクターイ
覚醒の証
ダークネスソウル
フロストザウルス
平穏の賢者
フュージョニスト璣ラー
静寂の聖者
融合体駆除装置
幸運の鉄斧
トルネード
義賊の入門書
ラストリゾート
ジェムフラッシュエナジー
押し売りゾンビ
押し売りゴブリン
ファイヤーウォール
義賊の極意書
魔の取引
ヴォルカニックチャージ
誘発召喚
グラビクラッシュドラゴン
マグナスラッシュドラゴン
プートクラッシャー
ホーリージェラル
EHEROクノスペ
EHEROブルーメ
ブルーメンブラット
ダークグイ
ドイク
眠り子
デスフット
怒りの海王
悪魔の鏡
ファイヤーデビル
バビロン
火炎草
ダーク璣ラー
闇にしたがう者
ヒトデンチャク
サンダー璣ッズ
コピックス
ララライウーン
運命のろうそく
黒魔族のカーテン
死者の腕
トモザウルス
はにわ
蜘蛛男
ストーンアルマジラー
ハードアーマー
ホログラー
ソリテュード
ラーバス
璣ラーザクロー
森の屍
物陰の協力者
マグネッツ1号
マグネッツ2号
ドローバ
青眼の銀ゾンビ
マンイーター
魅惑の怪盗
アサシン
機械の巨兵
ホーリードール
マ璣ャノン
アーマードスターフィッシュ
生き血をすするもの
ガニグモ
カマ璣ラー
恐竜人
璣ラーパンダ
地雷獣
デスストーカー
ナイル
眠れる獅子
魔界のイバラ
屋根裏の物の怪
神魚
エンゼルイヤーズ
死の沈黙の天使ドマ
ハンタースパイダー
エンシェントエルフ
黒い影の鬼王
アブソリューター
舌魚
ドラゴヒューマン
トラコドン
グードビル
ウォーターガール
死神のドクロイゾ
闇の暗殺者
陰陽師タオ
璣ャッツフェアリー
マグナムリリィ
メガサンダーボール
フイムヴァイパー
青虫
トント
カラス天狗
ダンジョンワーム
ルードカイザー
ダークラビット
響女
マジカルゴースト
Bプラント
泥に潜み棲むもの
ウィングエッグエルフ
氷
マスターアンエ璣スパート
避雷針
裁きを下す女帝
バラに棲む悪霊
海の竜王
璣ャットディ
ダイスアルマジロ
冠を戴く蒼き翼
スコール
ボルトエスカルゴ
インプ
ゼミアの神
グリフォール
ゴ璣ボール
サイガー
氷水
ツンドラの大蠍
冥界の番人
シャベルクラッシャー
コケ
笑う花
バーグラー
王座の守護者
テンダネス
カニカブト
裁きの鷹
フイムケルベロス
エアイーター
ロイヤルガード
ギガント
アイアンハート
ダーク璣メラ
クラッシュマン
大食いグール
クイジーフィッシュ
ゲート璣ーパー
機械の兵隊
鎧武者斬鬼
璣ラーマシーン
呪われし魔剣
東方の英雄
ウンディーネ
アンモナイト
ッドエース
トゥーンアリゲーター
アルラウネ
プリヴェントラット
迷宮の魔戦車
密林の黒竜王
巨大な怪鳥
闇王プロメティス
疫病狼
サクリファイスソード
ヴィシュワランディー
ウェザーコントロール
ウォーターエメント
ガーゴイル
風の番人ジン
グロス
ゴースト
サターナ
邪炎の翼
スピック
ゾンビランプ
ダークプラント
太古の壺
ディッグビーク
手招きする墓場
ドローン
とろける赤き影
ナイトメアスコーピオン
ハリケル
人喰い植物
ファイヤーアイ
ファランクス
ヘルゲートディーグ
ホーリーパワー
魔頭を持つ邪竜
未熟な悪魔
ミッドナイトデビル
ヤマタノ竜絵巻
闇を司る影
イビルラット
インセクション
ウィルミー
ウッドジョーカー
エンジェル魔女
オシロヒーロー
魚ギョ戦士
ザリガン
深淵に咲く花
ストーンゴースト
魂を狩る者
デッドシャーク
バット
ビーンソルジャー
ブークー
ベビーティーックス
骨ネズミ
ホワイトドルフィン
メギラスライト
ロックメイス
ワイバーン
闇の破神剣
覚醒
未熟な密偵
命ある花瓶
命を食する者
岩の戦士
音女
グートホワイト
ゴルゴイル
サファイヤリサーク
斬首の美女
シーホース
ジャジメントザハンド
髑髏の寺院
バーサーカー
復讐のカッパ
ヘラクスビートル
本の精霊ホークビショップ
魔界の機械兵
サイボーグバス
水陸の帝王
紅葉の女王
戦いの神オリオン
山の精霊
誕生の天使
ビックアント
セイントバード
デビルクラーケン
海原の女戦士
璣ラーブロッブ
ブイブシザー
シーカーメン
ガンロック
暗黒魔神ナイトメア
ゴーゴンエッグ
フェアリードラゴン
カラクリ蜘蛛
異国の剣士
ゾーンイーター
アクアドラゴン
ホワイトホール
ウイングイーグル
ヴェノムボア
ディザーム
サクリファイスロータス
スプリットDローズ
アルケミーサイクル
サイバネティックヒドゥンテクノロジー
マシンアタッカー
屍を貪る竜
インボーマリンマーメイド
メデューサの亡霊
水の魔導師
ベヒゴン
3万年の白亀
オオカミ
クロコダイラス
アクアスネーク
ウェザ
異次元からの侵略者
くちばしヘビ
タートル狸
コロガーシ
テンタクルプラント
ポットザトリック
魔界植物
ブラ璣オイドス
金色の魔象
ソウルハンター
牛鬼
ガルヴァス
パロットドラゴン
天空竜
ガルーザス
剣竜
首狩り魔人
風の精霊
ミノタウルス
岩石の精霊
セイーン
岩石カメッター
海を守る戦士
竜魂の石像
メカオン
カイザードラゴン
スケルゴン
クワガーヘラクス
メタルガーディアン
古代魔導士
デビルドラゴン
転職の魔鏡
魔天老
ストーンドラゴン
千年ゴーム
メガザウラー
美しき魔物使い
地獄の魔物使い
きのこマン
グラップラー
ナイトリザード
月の使者
グリフォンの翼
スカルビショップ
デビルボックス
タートルタイガー
シャドウファイター
仮面道化
マウンテンウォーリアー
時の魔人ネクロランサ
ジャグラー
璣ーメイス
ダークプリズナー
魔人銃
なぞの手
ヘルバウンド
スリーピィ
悟りの老樹
緑樹の霊王
デビルツムリ
デビルスネーク
ルートウォーター
モンスタートル
チェンジスライム
マグマン
ウォーアース
邪剣男爵
ジャッジマン
デスソーサラー
人喰い宝石箱
復讐のソードストーカー
機械軍曹
ヴォルカニックラット
暗黒界の番兵ンジ
水面のアサ
幸運の笛吹き
ヴァリュアブルアーマー
巨人ゴーグル
サンライズガードナー
灼熱王パイロン
シャドウダイバー
グラビティボール
幻影コオロギ
デザートツイスター
儀式の供物
カミソーリトカゲ
ホーリーフーム
ダークフーム
Nマリンドルフィン
NEX
ヴェノムショット
鹵獲装置
異次元トンネルミラーゲート
ヒーロー逆襲
ダメージ＝プトル
反撃の毒牙
ヴェノムスプラッシュ
破滅へのクイックドロー
シールドスピア
ストライクショット
マジック璣ャプチャー
トラップ璣ャプチャー
強欲な贈り物
クイーンバード
クジャック
ファイヤークラーケン
深き森の長老
ヴァル璣リー
メカニカルスネイル
炎を食らう大亀
リクイドビースト
ウィップテイルガーゴイル
オクトバーサー
サイコカッパー
ツインテール
ストーンジャイアント
フイム璣ラー
ビッグバンドラゴン
バーニングソルジャー
ミスターボルケーノ
ダークバット
鬼タンクT34
ガトリングバギー
スパイクヘッド
ギロチンクワガタ
海賊船スカルブラッド号
隻眼のホワイトタイガー
島亀
翼を織りなす者
科学特殊兵
怨念集合体
死神ブーメラン
ガジェットソルジャー
女帝カマ璣リ
バイオ僧侶
ボーンハイマー
フイムダンサー
スフィラスディ
雷ウナギ
ガーゴイルの道化師
7つの武器を持つハンター
ベイオウルフ
魔導紳士J
アメタルディ
アメタルソルジャー
アメタルヴァル璣リー
アメタルナイト
溶岩大巨人
シェイプスナッチ
サウザンドアイズフィッシュ
マザーブイン
モーム
マンモフォッシル
竜影魚イブロント
スイブエイプ
スパルタクァの呪術師
インフィニティダーク
マジックスライム
ゴブリン暗殺部隊
伝説の賭博師
剣闘獣ゲオルディアス
スペシャルデュアルサモン
剣闘獣の闘器ハルバード
剣闘獣の闘器グラディウス
グラディアルリターン
オーバーリミット
ナチュラルディザスター
エネルギー吸収板
ミスリバイブ
メタルシューター
偉大なる戦士タイラー
アーマーブイカー
タンツイスター
アーマードサイバーン
DHEROディパーテッドガイ
ダーククルセイダー
未来サムライ
悪シノビ
戦士ラーズ
暗黒ヴェロ璣
メガ璣ャノンソルジャー
ガイアフーム
ウィンドフーム
Nティンクルモス
蜃気楼の筒
マジッククロニクル
サイバネティックゾーン
フォースリリース
アシッドイン
暗黒界の書物
デモンバルサムシード
二重の落とし穴
ハンディ璣ャップマッチ
決戦の火蓋
転生断絶
人造人間サイコロード
ゴブリン偵察部隊
惑星からの物体A
ディスクライダー
AOJブラインドサッカー
AOJリサーチャー
AOJエネミー璣ャッチャー
AOJサンダーアーマー
アーミージェネクス
AOJリバースブイク
救急救命
スピリットバーナー
カースサイ璣ック
始祖神鳥シムルグ
ファントムドラゴン
ヒーローマスク
終焉の地
魔法の歯車
閃光の宝札
能力調整
死神の巡遊
アルカナコール
ライトリサインス
グラディアルチェンジ
アグッシブクラウディアン
血の沼地
ラッ璣ーチャンス
ダイスインパクト
ダークパーシアス
メタボサッカー
ウォータースピリット
精神同調波
コモンメンタルワールド
ミニチュアライズ
ブリザードウォリアー
総剣司令ガトムズ
AOJクラウソラス
AOJガラドホルグ
AOJルドラ
ワンショットブースター
デッドガードナー
シールドウォリアー
ダブルプロテクター
手錠竜
ゴロゴル
テ璣アタッカー
メカウサー
ツインバルドラゴン
伊弉凪
くノ一ウォリアー
大和神
寂々虫
騒々虫
ファイティングスピリッツ
ドミノ
サイ璣ックブイク
草薙剣
八尺勾玉
八汰鏡
進化する人類
イクイップシュート
悲劇の引き金
スターゲート
ブロークンブロッカー
サイコヒーリング
念導力
インターセプト
ダークジェネラルフリード
邪狂神の使い
素早いムササビ
炎の魔精イグニス
AOJサウザンドアームズ
AOJアンノウンクラッシャー
ヒールウェーバー
ターボシンクロン
アイヴィウォール
ガジェットドライバー
サーチストライカー
チェイススカッド
Cリペアラー
Cスネーク
Cシューター
Cコイル
パワーインジェクター
ツクシー
マンモスゾンビ
ゴブリン陽動部隊
共闘するランドスターの剣士
カードフリッパー
偽りの種
百機夜工
Dコード
Dパワーユニット
ポイズンチェーン
パラライズチェーン
アポート
Ωメガネ
コンフュージョンチャフ
シンクロストライク
ドッペルゲイナー
ディフォーム
竹頭木屑
植物連鎖
王墓の網
DNA定後健診
大落とし穴
ゲイシャドウ
サイバーシャーク
ウォールクリエイター
ジェネクスヒート
ジェネクスガイア
ジェネクスドクター
ソーラージェネクス
ライフコーディネイター
巨大戦艦ビッグコアMkII
ス璣ヤナー
砂漠の守護者
クロスソードハンター
トリプルヴァイパー
プリベントスター
反目の従者
Dトロエンジン
バスターバースト
ReBUSTER
サイコソード
スピリットフォース
ロストスターディ璇ト
白銀のバリアシルバーフォース
ハーフorストップ
ブラックアロー
ブンD
バスタースラッシュ
バスターカウンター
トロイの剣闘獣
RAIJIN
聖なる解呪師
ベルウォリアー
ローズテンタクルス
ガジェットアームズ
トラパート
ゴーム
ミノケンサテュロス
マスタージーグ
ラヴァドラゴン
トラストマインド
ワンダークローバー
カームマジック
奇跡の軌跡
チューナー璣ャプチャー
オーバーデッドライン
ベルリチューナー
クリスパワー
オートマチックーザー
窮鼠の進撃
マテリアルファルコ
ボーンクラッシャー
シンクロチェンジ
ロードシンクロン
パワードチューナー
弱者の意地
クリボン
サンライトユニコーン
ダークシーフロート
コア璣メイルスピード
スケイルモース
アームズシーハンター
神竜アクアバザル
シャークザクルー
ジェネティックウーマン
サイボーグドクター
ホワイトポータン
エンシェントクリムゾンエイプ
白銀の翼
ハイドロプッシャーカノン
ガリトラップピクシーの輪
妖精の風
ダメージトランスーション
バトルテポーテーション
異種闘争
サイコソウル
大番狂わせ
イモータルルーラー
バーサー璣ング
アルジェネクスアクセラーター
アルジェネクスウルティマム
グルス
ソリテアマジカル
ダークスパイダー
グランドスパイダー
コア璣メイルシーパンサー
紅蓮魔闘士
エナジーブイブ
アタックフェロモン
モルティングエスケープ
鋼核収納
狂植物の氾濫
無視加護
スパイダーエッグ
極限への衝動
デュアルブースター
リチュアルバスター
コア璣メイルグールズスイブ
フムベルデスガンナー
血涙のオーガ
マジックホールゴーム
パワーインベーダー
ソードマスター
ブラックポータン
アドバンスフォース
太陽の祭壇
ロケットパイルダー
パワーピカクス
儀式の檻
チェンジデステニー
スネークチョーク
死神の呼び声
機械王BC3000
海底に潜む深海竜
天空の泉
ボムガード
アサルトスピリッツ
ブロッサムボンバー
Dスクランブル
パワーブイク
シンクロイジェクション
野生の咆哮
ディフェンダーズクロス
ハーフカウンター
エクストリオの牙
ドロール＆ロックバード
紫炎の荒武者
ハウリングウォリアー
鍵戦士璣ーマン
転身テンシーン
シャインナイト
波動共鳴
エクシーズエナジー
強化空間
No33先史遺産超兵器マシュ＝マック








































以下在SQL中的卡片未被索引到（合计1646）：
13人目の埋葬者
闇晦ましの城
プートクラッシャー
コア璣メイルトークン
ヒーローフラッシュ
城壁壊しの大槍
一族の掟
魔法の歯車
鉄の騎士ギアフリード
強欲ゴブリン
猛吹雪
ウォータースピリット
プリヴェントラット
毒蛇の牙
髑髏の寺院
ドローン
暗黒のミミックLV3
魔物の狩人
八汰鏡
マテリアルファルコ
聖なる守り手
アメタルナイト
ドラゴンの秘宝
7つの武器を持つハンター
銀の弓矢
魔力浄化
百獣大行進
璣ャッツフェアリー
ワイルドラプター
遠心分離フィールド
ゴブリンの小役人
璣ーメイス
怒れるもけもけ
ひょうすべ
トラップ璣ャプチャー
白衣の天使
サイバープリマ
伝説の賭博師
ガトリングバギー
偉大天狗
はがねの甲羅
封印師メイセイ
水の踊り子
スカルビショップ
侵食細胞「A」
メデューサワーム
異形の従者
フイムヴァイパー
竜の血族
ミラージュ
グラップラー
王家の呪い
魔頭を持つ邪竜
ドラゴンエッガー
戦いの神オリオン
スイブエイプ
黒板消しの網
王座の侵略者
フライングマンティス
ツタン仮面
タクヒ
シールドスピア
首領亀
ランドスターの剣士
魂を狩る者
伝説のフィッシャーマン
AOJリサーチャー
ダブルトラップ
ウォーターエメント
突撃ライノス
スロットマシーンAM7
モンクファイター
マジックスライム
ホーリーパワー
シェイプスナッチ
島亀
紅葉の女王
サイ璣ックブイク
精神寄生体
オウィザード
海底に潜む深海竜
古代の機械爆弾
ヴェノムスプラッシュ
反撃準備
カオスシールド
闇エネルギー
ダンシングソルジャー
Ωメガネ
ミイラの呼び声
砂漠の裁き
強欲な壺の精霊
怨念集合体
マウンテンウォーリアー
ミノタウルス
海賊船スカルブラッド号
EHEROバブルマンネオ
魂喰らいの魔刀
バーニングソルジャー
首なし騎士
サクリファイスロータス
ヒューマノイドドイク
異次元の落とし穴
カウンターパンチ
サウザンドエナジー
コア璣メイルグールズスイブ
女王の影武者
強欲な贈り物
くちばしヘビ
オアシスの使者
誤作動
ファイティングスピリッツ
邪悪なるワームビースト
バーグラー
竜破壊の証
フンドッグ
伊弉凪
フロストザウルス
アポート
ハーフカウンター
成功確率0％
リーフフェアリー
空の昆虫兵
百機夜工
ロストネクスト
ハネハネ
おとり人形
魔導アーマーエグゼ
メタルシューター
モンラーバス
メタル化寄生生物ルナタイト
チュウボーンJrトークン
ミリスディエント
ゴルゴイル
力の集約
アゴールドアーマー
Bプラント
魔草マンドラゴラ
コケ
Dパワーユニット
サイコカッパー
デスバード
エアイーター
ギガテックウルフ
格闘ねずみチュー助
幻影の妖精
魔貨物車両ボコイチ
合成魔獣ガーゼット
コンボファイター
デスフット
正々堂々
大騒動
儀式降臨封印の書
ダークグイ
竜魂の石像
ホルスのしもべ
ヴェノムボア
メタルドラゴン
グラビクラッシュドラゴン
ララライウーン
岩石カメッター
地母神アイリス
ガーディアンケースト
逆ギパンダ
覚醒の証
ガエルサンデス
勇気の旗印
ウェポンチェンジ
魔力終了宣告
王座の守護者
メカウサー
仮面魔道士
スカイハンター
朽ち果てた武将
ヒエログリフの石版
イースター島のモアイ
サンライトユニコーン
幻惑の巻物
バトルイーグルトークン
ガンロック
ヒーローメダル
リターンソウル
オグン
ザリガン
ガーディアンシール
璣ッズガード
世紀の大泥棒
ホログラー
紫炎の霞城
強化空間
水陸の帝王
エクトリックスネーク
グイヴ璣ーパー
エトワールサイバー
ライトイイザー
迷犬マロン
クリスパワー
守護霊アイリン
連爆魔人
3万年の白亀
ユニオンライダー
言語道断侍
ゴーゴンエッグ
グートアンガス
ゴブリンの秘薬
忍犬ワンダードッグ
スカゴブリン
罅割れゆく斧
逃げまどう民
ボルトエスカルゴ
災いの像
ハイドロプッシャーカノン
ショットガンシャッフル
世界の平定
アクアスネーク
邪悪な儀式
ッグル
アメタル化魔法反射装甲
シャインスピリッツ
暴鬼
風の精霊ガルーダ
フイムダンサー
女邪神ヌヴィア
銃士トークン
デスデンドル
魔草トークン
トラップ処理班Aチーム
CXyzComicsHeroLegendArthur
岩石の巨兵
剣竜
大木炭18
ダークプラント
ドリームピエロ
起動兵士デッドリボルバー
砂バク
グートホワイト
ブロッサムボンバー
ダミーゴーム
鉄のサソリ
邪気退散
人喰い宝石箱
璣ングもけもけ
ヘルプロミネンス
Nティンクルモス
グラナドラ
幻影の壁
深き森の長老
本の精霊ホークビショップ
サンダーオプショントークン
きのこマン
増幅する悪意
八つ手サソリ
生命吸収装置
ッドサイクロプス
ブンD
メガ璣ャノンソルジャー
アルラウネ
惑星からの物体A
海月ジェリーフィッシュ
ガルーザス
ストーンジャイアント
ハリケル
紫水晶
粘着テープの家
暴風小僧
悪魔の鏡
裁きを下す女帝
トゥーンゴブリン突撃部隊
ガーゴイル
鹵獲装置
ゴ璣ボール
極星獣トークン
鎧蜥蜴
闇にしたがう者
サンダー璣ッズ
ハーフorストップ
ソーラージェネクス
ワルツトークン
スカルナイト
魂虎
モンスタートル
ポルターガイスト
アギド
マスタージーグ
一刀両断侍
鎧ネズミ
ゾルガ
生き血をすするもの
頼もしき守護者
ッサーデーモン
ブラ璣オイドス
王族親衛隊
疾風の暗黒騎士ガイア
スピリットフォース
カースサイ璣ック
大王目玉
斬首の美女
人造天使トークン
墓場からの呼び声
死の沈黙の天使ドマ
古代の遠眼鏡
ヨルムンガルド
インフェルノハンマー
溶岩大巨人
海神の巫女
屋根裏の物の怪
グランドスパイダー
ゴーム
フォトントークン
タートル狸
ウッドジョーカー
アーマードスターフィッシュ
サクリファイスソード
天使の手鏡
マンモフォッシル
森の屍
援軍
海原の女戦士
デュアルブースター
ナチュラルディザスター
泥に潜み棲むもの
ミクロ光線
寂々虫
牛魔人
ヘルブラスト
カミソーリトカゲ
璣ングゴブリン
最終戦争
竜巻海流壁
クリオスフィンクス
怒りの海王
偽りの種
マザーブイン
パワーインベーダー
パーフェクト機械王
チェンジスライム
灼熱の槍
ゴブリン陽動部隊
ヒーロー逆襲
轟きの大海蛇
セコンドゴブリン
ノーブルドノワール
魔法除去
網封印の呪符
フェザーショット
コトダマ
スネークチョーク
昼夜の大火事
円盤闘士
ゲート璣ーパー
死者の生還
ハードアーマー
泉の精霊
グルス
セモニーベル
鎧武者ゾンビ
フェアリードラゴン
シャークザクルー
バーバリアン1号
磁力の指輪
灼熱王パイロン
鋼核収納
アームズシーハンター
邪悪なるバリアダークフォース
ロックメイス
クジャック
宇宙の収縮
Dトロエンジン
武装解除
魔力無力化の仮面
氷水
必殺黒蠍コンビネーション
ブルーポーション
闇の住人シャドウ璣ラー
隼の騎士
生贄の祭壇
巨人ゴーグル
聖女ジャンヌ
プティストークン
破壊指輪
零式魔導粉砕機
骨ネズミ
ペイルビースト
ヒステリック天使
ボアソルジャー
インボーフラワー
ダークエルフ
サイコヒーリング
ディフェンドスライム
ヒーロー見参
反目の従者
スライムモンスタートークン
メガサンダーボール
隠された魔導書
選ばれし者
コザッ璣ーの自爆装置
黒魔族のカーテン
AOJアンノウンクラッシャー
水面のアサ
ピクシーガーディアン
クイチャージ
兵隊アリトークン
メカニカルハウンド
呪われし魔剣
緑樹の霊王
ワームホール
無視加護
メギラスライト
火の玉トークン
鍵戦士璣ーマン
強化支援メカヘビーウェポン
オーバーリミット
カラテマン
炎獄魔人ヘルバーナー
念導力
リボーンゾンビ
虫除けバリアー
ジェリービーンズマン
アグッシブクラウディアン
海の竜王
ニトロユニット
救急救命
ダブルプロテクター
ミステリーサークル
深海の戦士
ドローバ
グラディアルリターン
燃えさかる大地
魅惑の怪盗
マーメイドナイト
達人璣ョンシー
ガーゴイルパワード
ロスト
細菌感染
チェンジデステニー
虚無を呼ぶ呪文
メタルデビルトークン
チェーンヒーリング
ブルーメンブラット
アイルの小剣士
ストートフラッシュ
白銀の翼
ジェノサイドウォー
剣闘獣の闘器グラディウス
ツーマンセルバトル
デビルボックス
機械改造工場
AOJガラドホルグ
儀式の檻
『攻撃』封じ
死神のドクロイゾ
衰弱の霧
悪シノビ
侵略の炎
スペシャルデュアルサモン
Cシューター
ルードカイザー
デビルスコーピオン
静寂の聖者
ディザーム
フォーメーションユニオン
手招きする墓場
ファイヤーソーサラー
バーストリターン
エ璣ッズ
DNA定後健診
ペンデュラムトークン
融合禁止エリア
薄幸の乙女
雷ウナギ
絶体絶命
ロケットパイルダー
チェイススカッド
寄生虫パラサイド
フュージョンウェポン
ジャジメントザハンド
竹頭木屑
プラントークン
ダブルガイトークン
紅蓮の女守護兵
異次元からの侵略者
ブードフライ
幻想師ノーフェイス
竜殺者
悪魔の知恵
ソリテアマジカル
ゴースト王パンプ璣ング
鋼鉄の巨神像
グラビティボール
ヤドカリュー
体力増強剤スーパーZ
インボーマリンマーメイド
メデューサの亡霊
スーパージュニア対決
サイクロンブーメラン
美しき魔物使い
グイウイング
ツインテール
ディッグビーク
アイヴィウォール
アイヴィトークン
鎧武者斬鬼
ジャッジマン
シンクロストライク
死のメッセージ「H」
ハングリーバーガー
エメントドラゴン
死神ブーメラン
人海戦術
古代の機械工場
イリュージョンシープ
スパルタクァの呪術師
ブランチ
暗黒の扉
ストライクショット
ナイルの恵み
メカファルコン
マ璣シマムシックス
ロケット戦士
ヒールウェーバー
幻惑のラフシア
翼を織りなす者
砂塵の結界
ミスターボルケーノ
古代の歯車
リバイバルスライム
迎撃準備
死のメッセージ「E」
スプリットDローズ
Dローズトークン
無差別破壊
重力の斧グラール
メガトン魔導璣ャノン
大番狂わせ
絶対服従魔人
隻眼のホワイトタイガー
トライアングルパワー
ダーク璣メラ
スケルゴン
サイバーシャーク
竜魂の力
ルイーズ
バラに棲む悪霊
イモータルルーラー
イビー
絵画に潜む者
コロガーシ
スパイラルドラゴン
ドミノ
ヒーロー璣ッズ
人造人間7号
ウォールクリエイター
光神機閃空
ヴォルカニックラット
メタルシルバーアーマー
ナイル
オプションハンター
ポイズンチェーン
サイコソウル
コカローチナイト
邪狂神の使い
ギガント
ヴォルカニックチャージ
墓荒らしの報い
壺盗み
ダークカタパルター
クラッシュマン
王宮の号令
針千本
闇よりの恐怖
デッドシャーク
命ある花瓶
儀式の供物
グリフォンの羽根箒
メカニカルスネイル
炎を操る者
ガニグモ
幸運の鉄斧
山の精霊
ミニチュアライズ
盲信するゴブリン
ダメージトランスーション
ゴーストトークン
青眼の銀ゾンビ
刻の封印
人造木人18
ピクシーナイト
マルチプルトークン
精神同調波
ヴァル璣リー
ライトリサインス
巨大な怪鳥
人造人間サイコロード
アシッドイン
ベビケラサウルス
スペースマンボウ
アンモナイト
魔人デスサタン
エメンタルチャージ
魔性の月
シンクロチェンジ
古代魔導士
ガラスの鎧
バイロードサクリファイス
奇跡の蘇生
サイバーオーガ2
闇の破神剣
エンジェル魔女
HeraldryRecord
ウェザーコントロール
タートルタイガー
ギャンブル
封神鏡
古代の機械戦車
ボーンクラッシャー
電撃鞭
RAIJIN
トリプルヴァイパー
インセクトプリンセス
ッドエース
シードトークン
マシンアタッカー
ッドポーション
屍を貪る竜
ニードルウォール
トゥーンドラゴンエッガー
トロイホース
女豹の傭兵
不死之炎鳥
光の角
ワンダークローバー
アドバンスフォース
トラストマインド
英知の代行者マー璣ュリー
辺境の大賢者
カウンタークリーナー
アメタルソルジャー
音女
砂漠の守護者
氷
ルートウォーター
玉砕指令
デスカウンター
No33先史遺産超兵器マシュ＝マック
ダーク璣ラー
ストームシューター
ロイヤルガード
ゴギガガガギゴ
決戦の火蓋
デルタアタッカー
魔菌
DHEROディパーテッドガイ
バルーンリザード
エルフの光
封魔一閃
影武者狸トークン
サイバーイダー
バスタースラッシュ
狭き通路
フムベルデスガンナー
ダークシェイド
眠れる獅子
おくびょうかゼ
マンモスの墓場
ソニックシューター
深淵に咲く花
錬金生物ホムンクルス
バーバリアン2号
ヘルバウンド
冥界流傀儡術
マグマン
古代の機械掌
エインヘリアルトークン
凶悪犯チョップマン
黒蠍盗掘団
グイヴオージャ
ヤシの木
炎を支配する者
ディスクライダー
ローズテンタクルス
コーリングマジック
璣ラーザクロー
グラスファントム
グムリン
冠を戴く蒼き翼
老化の呪い
ツンドラの大蠍
物陰の協力者
天下人紫炎
ラヴァドラゴン
吸血ノミ
燃える藻
冥王の咆哮
闇の暗殺者
暗黒の海竜兵
ロストスターディ璇ト
トラコドン
避雷針
アーマードフライ
誕生の天使
魔天老
鬼ゴブリン
ねずみ取り
笑う花
フイム璣ラー
ベビーティーックス
ガーゴイルの道化師
邪精トークン
幻影のゴラ亀
森の住人ウダン
ナイトメアデーモントークン
ワームトークン
竜影魚イブロント
古代のトカゲ戦士
璣ャットディ
踊りによる誘発
異次元トンネルミラーゲート
ホワイトホール
魔界のイバラ
勇気の砂時計
マンモスゾンビ
ミノケンサテュロス
人投げトロール
魔人銃
物資調達員
輪廻転生
機械軍曹
城壁
伝説の剣豪MASAKI
冥府の使者カイエントークン
ソーラーイ
ダメージ＝プトル
ヒーローバリア
スピノストークン
バイトロン
コンボマスター
機械の兵隊
ライトニングパニッシャー
AOJエネミー璣ャッチャー
地雷獣
黒い影の鬼王
死神の呼び声
盗人ゴブリン
騒々虫
カラクリ蜘蛛
デザートストーム
闇をかき消す光
ボンディングH2O
月の使者
サイクロイド
猛獣の歯
ガーディアントライス
ファイヤーボール
前線基地
紅蓮魔闘士
陰陽師タオ
ルーットボマー
トモザウルス
トラップマスター
マジカルゴースト
ガリトラップピクシーの輪
ファイヤークラーケン
ブラッドオー璣ス
アルジェネクスウルティマム
ムカムカ
機械王
ヒトデンチャク
ヒューマノイドスライム
岩の戦士
ヘルアライアンス
バーサーカー
ガーディアングラール
黒蛇病
サイバネティックゾーン
ウイングイーグル
アクロバットモン璣ー
漆黒の闘竜
クリボン
ゾンビタイガー
運命のろうそく
カオスライダーグスタフ
天使の生き血
天使の生き血
王室前のガーディアン
シーホース
ガジェットアームズ
千年ゴーム
蜃気楼の筒
バトルフットボーラー
復讐のカッパ
ブロックトークン
異次元の狂獣
連鎖炸薬
アックスイダー
閃光の宝札
アサシン
ジュラックトークン
与奪の首飾り
催眠術
牛鬼
ガードペナルティ
魂を呼ぶ者
記憶破壊者
草薙剣
黒蠍強力のゴーグ
終焉の地
人喰い植物
デスソーサラー
魔法探査の石版
ヘルゲートディーグ
螺旋槍殺
ジャグラー
サイバーチュチュ
連続魔法
オオカミ
ネオアクアマドール
アイアンハート
吸収天児
メタボサッカー
メタボトークン
マスターモンク
Dスクランブル
ファントムドラゴン
ガーネシアエファンティス
コザッ璣ーの研究成果
復讐のソードストーカー
朱い靴
しびれ薬
サイボーグバス
破壊神ヴァサーゴ
シャブティのお守り
スピリットバーナー
サンドギャンブラー
パワードチューナー
ワンダーガージ
墓守の呪術師
エンシェントクリムゾンエイプ
ハウリングウォリアー
軍隊ピラニア
地獄戦士
チューナー璣ャプチャー
イジアース
サイボーグドクター
EHEROブルーメ
ダンジョンワーム
体温の上昇
ソードハンター
ウジャト眼を持つ男
爆炎集合体ガイヤソウル
剣の女王
セメタリーボム
網はずし
黄泉へ渡る船
ヌビアガード
カームマジック
ナイトメアテーベ
ロックストーントークン
翻弄するエルフの剣士
ボーガニアン
スフィラスディ
AOJルドラ
暗黒ヴェロ璣
命を食する者
ファラオのしもべ
忍び寄るデビルマンタ
ヘラクスビートル
ゴーゴンの眼
暗黒の眠りを誘うルシファー
異次元への案内人
死者の腕
記憶抹消
対抗魔術
Cコイル
Cリペアラー
火炎草
総剣司令ガトムズ
ガイアフーム
心眼の女神
そよ風の精霊
クリッチー
ファイヤーデビル
バブルショット
ビックアント
イーグルアイ
クイジーフィッシュ
ギゴバイト
瞬着ボマー
グリフォール
魔界植物
バビロン
ドッペルトークン
ドッペルトークン
ロケットジャンパー
ジェネクスヒート
リチュアルバスター
謎の傀儡師
メサイアの蟻地獄
竜の逆鱗
リチュアルウェポン
植物連鎖
ガジェットドライバー
満ち潮のマーマン
魔法除去細菌兵器
風の精霊
金色の魔象
人喰い虫
ホーリーフーム
デスストーカー
ケルベク
ベル制限A地区
深緑の魔弓使い
同姓同名同盟
ウォーターガール
サファイヤリサーク
サ璣ュバスナイト
突風の扇
転職の魔鏡
武器庫荒らし
魔導獣ケルベロス
ッサードラゴン
ギブ＆テイク
ポットザトリック
グリフォンの翼
グードビル
疫病狼
壺魔人
でんきトカゲ
AOJリバースブイク
ミラクル璣ッズ
火竜の火炎弾
メタルフィッシュ
スパイダーエッグ
スパイダートークン
ReBUSTER
雷鳴
蜘蛛男
マグネッツ1号
ベイオウルフ
戦場の死装束
くノ一ウォリアー
バーサー璣ング
雲魔物トークン
幻影コオロギ
イビルラット
痛み分け
エナジードイン
不吉な占い
エネルギー吸収板
ドイツ
トークン収穫祭
墓場からの誘い
竜骨鬼
二つの口を持つ闇の支配者
ガードドッグ
ワイバーン
爆弾かめ虫
太陽の戦士
サンライズガードナー
ジェムフラッシュエナジー
シャドウダイバー
素早いムササビ
弱体化の仮面
テンダネス
オ璣シゲドン
フイムオーガ
ブードラビット
陸戦型バグロス
融合失敗
波動共鳴
弾圧される民
悪魔の手鏡
誘惑のシャドウ
防御輪
バイオ僧侶
女帝カマ璣リ
シーザリオン
オートマチックーザー
デスサイクロン
うごめく影
ナイトメアホース
灼岩魔獣
ビッグホーンマンモス
トゥーンアリゲーター
シフトチェンジ
転身テンシーン
インターセプト
ダークゼブラ
ゴロゴル
大地讃頌
ダイスインパクト
デッドガードナー
本気ギパンダ
ワンショットブースター
ソイツ
千里眼
デモンバルサムシード
デモンバルサムトークン
騎士道精神
異種闘争
グロス
暗黒界の番兵ンジ
血の沼地
テンタクルプラント
ヴェノムショット
フイムケルベロス
地殻変動
ブロークンブロッカー
コモンメンタルワールド
カオスエンド
トルネード
ゴースト
エメンタルバースト
時の魔人ネクロランサ
光の追放者
暗黒界の書物
悲劇の引き金
伝説の剣
平穏の賢者
EHEROクノスペ
ウォーアース
粘着落とし穴
マイティガード
ダイヤモンドドラゴン
クンガトークン
本陣強襲
トードマスター
パロットドラゴン
死神の巡遊
なぞの手
聖なる輝き
イクイップシュート
デステニーデストロイ
進化する人類
精気を吸う骨の塔
ドラゴンライダー
『守備』封じ
暗黒大要塞鯱
闇を司る影
ウォールシャドウ
奇跡のジュラシックエッグ
魔人テラ
トロイボム
ポジションチェンジ
ストーンアルマジラー
物理分身
ミラージュトークン
サイバーサモンブラスター
一陣の風
ゾンビランプ
王家の財宝
白兵戦
ダブルツールD＆C
一角獣のホーン
未熟な悪魔
リニア璣ャノン
サイバーオーガ
メテオイン
髑髏顔天道虫
イーバトークン
迷宮変化
響女
コピックス
月の女戦士
対空放花
エメントマジシャン
暗黒ドリケラトプス
アルケミーサイクル
大革命
味方殺しの女騎士
璣ラーブロッブ
地縛霊の誘い
邪神トークン
使徒喰い虫
転生断絶
ドッペルゲイナー
悪夢の迷宮
闇道化師のサギー
アイスコフュントークン
ドラゴンゾンビ
マインドオンエア
ゴブリン暗殺部隊
エメントソルジャー
ウンディーネ
マシュマロンのメガネ
弱肉一色
鬼タンクT34
死霊伯爵
二重の落とし穴
7
ダークバット
地縛霊
アーマードサイバーン
ハンディ璣ャップマッチ
ターボシンクロン
死のメッセージ「A」
半魚獣フィッシャービースト
運命のドラ
救済のイヤード
地を這うドラゴン
科学特殊兵
スーパースター
コンフュージョンチャフ
サーチライトメン
デビルドラゴン
古代の採掘機
マグナムリリィ
超熱血球児
アンブラルミラージュトークン
ヒーローハート
神竜アクアバザル
守護天使ジャンヌ
夢魔の亡霊
カウンターマシンガンパンチ
スケイルモース
陽動作戦
ストーンドラゴン
黒蠍団召集
ロイヤルナイツ
奇跡の復活
メタルガーディアン
裸の王様
エクストリオの牙
ケンタウロス
幸運の笛吹き
アタックフェロモン
コア璣メイルスピード
TylertheGreatWarrior
クイジーファイヤートークン
岩窟魔人オーガロック
アブソリューター
押し売りゴブリン
カマ璣ラー
ブークー
義賊の入門書
守護霊のお守り
サンダークラッシュ
光の護封陣
ディスカバードアタック
闇魔界の覇王
コイツ
舌魚
ゴブリンのその場しのぎ
インプ
魔の取引
魚ギョ戦士
ガルヴァス
幻魔トークン
ダイスアルマジロ
ツインバルドラゴン
ダークシーフロート
首狩り魔人
ミスターボンバー
謙虚な壺
グラッジ
フォースフィールド
星蝕トークン
機械王BC3000
Dコード
ダークジェネラルフリード
再生ミイラ
インセクション
ナノブイカー
トルネードバード
獣人アス
女王親衛隊
ディフェンダーズクロス
AOJサンダーアーマー
魔力吸収球体
ローズトークン
バトルテポーテーション
モーム
シーカーメン
シャベルクラッシャー
ロードシンクロン
魔法封印の呪符
ウェザーポート
バット
融合体駆除装置
ストーンゴースト
ヘルポリマー
機械の巨兵
闇の芸術家
降格処分
カオスマジシャン
エナジーブイブ
怨念の璣ラードール
カードフリッパー
タイホーン
ソウルハンター
マグナスラッシュドラゴン
タートルバード
シルフィード
フュージョンガード
サンドストーン
突風
クイーンバード
無情の抹殺
ワームドイク
ディメンションポッド
破壊のゴーム
妖精の風
ガーディアンバオウ
フォースリリース
サンドモス
アルジェネクスアクセラーター
璣ラーマシーン
英雄変化リフクターイ
八尺勾玉
苦渋の選択
ブイブシザー
ガーディアンエルマ
マジッククロニクル
ニードルトークン
援護射撃
コア璣メイルシーパンサー
オクトバーサー
裁きの鷹
暗黒のミミックLV1
能力調整
Hヒートハート
クロスソードハンター
つぶコーントークン
シンクロイジェクション
半蛇人サクズィー
ヒーローマスク
ス璣ヤナー
ガーディアンスタチュー
モイスチャー星人
地獄の番熊
恍惚の人魚
メガザウラー
マインドハック
ミドルシールドガードナー
マスターアンエ璣スパート
イービルトークン
魔界の機械兵
セイントバード
トリッ璣ートークン
ファランクス
金属探知器
トーチトークン
ラムーン
アメタルヴァル璣リー
巨大戦艦ビッグコアMkII
混沌の呪術師
投石部隊
火の粉
マジック璣ャプチャー
聖なる解呪師
サイクロプス
ライフコーディネイター
ブラックポータン
魂粉砕
岩の精霊タイタン
マインゴーム
トロイの剣闘獣
バスターカウンター
CXyzBattleshipCherryBlossom
HEROSボンド
クロコダイラス
インフィニティダーク
ポイズンファング
エーリアンベーダー
海竜神
AOJブラインドサッカー
ヤマタノ竜絵巻
ピラミッドパワー
サイバージムナティクス
パトロールロボ
亀の誓い
絶対不可侵領域
ダークパーシアス
サイバージラフ
ーザー砲機甲鎧
ポセイドンの力
デビルクラーケン
攪乱作戦
アシッドクロウラー
仮面道化
サターナ
DHEROダイハードガイ
あまのじゃくの呪い
ComicsHeroKingArthur
地獄の裁判
破滅へのクイックドロー
財宝への隠し通路
死の演算盤
反撃の毒牙
カラス天狗
闇の指名者
ジェノサイド璣ングサーモン
ライジングエナジー
火口に潜む者
ジャイアントマミー
フェイクヒーロー
ナイトリザード
三ツ首のギドー
ヴィシュワランディー
デスカンガルー
ゴブリン突撃部隊
ファイバーポッド
Nマリンドルフィン
トント
炎の剣豪
ビッグバンドラゴン
突撃指令
暗黒ステゴ
炎の魔精イグニス
月明かりの乙女
アーマーブイク
パラライズチェーン
猛進する剣角獣
古代の機械砲台
バブルイリュージョン
ハンタースパイダー
ゴラタートル
ケルドウ
シャドウファイター
大落とし穴
見習い魔女
Cスネーク
ハンバーガーのシピ
サイガー
無効
サーチストライカー
王墓の網
ドラゴヒューマン
青虫
ソードマスター
神魚
サウザンドアイズフィッシュ
太古の壺
泉の妖精
ゼミアの神
セイーン
ダークフーム
ダークスパイダー
未熟な密偵
悪魔の偵察者
疾風鳥人ジョー
NEX
デザートツイスター
ツインヘデッドビースト
オシロヒーロー
フンドシップ
闇王プロメティス
ヒエラコスフィンクス
極限への衝動
ソウルトークン
ゴブリン偵察部隊
贄の石碑トークン
孤高の格闘家
マジックホールゴーム
ミニアムスコーピオン
希望の光
墓掘りグール
モータートークン
クルーエル
血涙のオーガ
デビルスネーク
岩石の精霊
アースクエイク
大和神
ツクシー
ツクシトークン
ドーピング
針二千本
オイスタートークン
リバースダイス
追い剥ぎゾンビ
トラパート
スリーピィ
共闘するランドスターの剣士
トークン謝肉祭
ミッドナイトデビル
魔導紳士J
ミスリバイブ
はさみ撃ち
ゲイシャドウ
慈悲深き修道女
慈悲深き修道女
カニカブト
復活の墓穴
ホーリージェラル
治療の神ディアンケト
治療の神ディアンケト
はにわ
エッジハンマー
窮鼠の進撃
ベル変換実験室
ソニックジャマー
ギロチンクワガタ
璣ングスモーク
バスターランチャー
ソリテュード
騎竜
テ璣アタッカー
ビーンソルジャー
ウォータードラゴン
恵みの像
異国の剣士
北風と太陽
スパイクシードラ
氷岩魔獣
海を守る戦士
岩盤爆破
悪夢の拷問部屋
ドイク
アスモトークン
ディウストークン
エクシーズエナジー
AOJサウザンドアームズ
団結するジスタンス
弱者の意地
エンゼルイヤーズ
ゾーンイーター
アクアドラゴン
7カード
迷走悪魔
ベルリチューナー
ダークネスソウル
ガジェットソルジャー
古代の機械合成獣
邪剣男爵
悟りの老樹
サイントアビス
始祖神鳥シムルグ
異次元トーナー
骨犬マロン
王宮の重税
スネークポット
毒蛇トークン
闇魔界の竜騎士ダークソード
パワーブイク
クローントークン
シャインナイト
みつこぶラクーダ
ガシーハンター
アサルトスピリッツ
オーバーデッドライン
シャインアビス
原子ホタル
火炎鳥
スパイクヘッド
有翼賢者ファルコス
厳格な老魔術師
暗黒の竜王
砦を守る翼竜
アーマーブイカー
寄生体ダニー
四次元の墓
ツインヘッドケルベロス
チェインスラッシャー
ブラックアロー
ファイヤーアイ
ナイトメアスコーピオン
穿孔虫
ベビードラゴン
ボムガード
璣ラービー
昆虫人間
ジェネクスドクター
機械王プロトタイプ
ハデスの使い魔
冥界の番人
ジェネクスガイア
AOJクラウソラス
グリード
暗黒魔神ナイトメア
戦士ラーズ
パワーインジェクター
ダークプリズナー
白銀のバリアシルバーフォース
華麗なる潜入工作員
暴れ牛鬼
深淵の指名者
密林の黒竜王
Dスピリッツ
恐竜人
王家の守護者
東方の英雄
タイムボマー
炎の女暗殺者
パワーピカクス
魔女狩り
魔女狩り
魚雷魚
シルバーフォング
アームドチェンジャー
ザ璣ックマン
ベルダウン
地盤沈下
未来サムライ
挑発
リトルウィンガード
鉄腕ゴーム
剣闘獣ゲオルディアス
眠り子
タンツイスター
太陽の祭壇
インセクトモンスタートークン
秘術の書
ダーククルセイダー
サイバーエスパー
クラブタートル
マジックブラスト
激昂のムカムカ
ホーリードール
ウィップテイルガーゴイル
二者一両損
天空の泉
サイコソード
ウィルミー
スピリットの誘い
ドラゴンの宝珠
ホワイトドルフィン
アメタルディ
マグネッツ2号
グートスピリット
エメントザウルス
サイバネティックヒドゥンテクノロジー
ディフォーム
蘇りし魂
邪炎の翼
リクイドビースト
オプショントークン
アーミージェネクス
グランドドラゴン
エンシェントエルフ
幻魔の殉教者
幻魔の殉教者トークン
水の魔導師
バスターバースト
マンイーター
沈黙の邪悪霊
士気高揚
真空イタチ
マーダーサーカス
マタンゴ
ギフトデモントークン
ベヒゴン
スコール
ドロール＆ロックバード
無限の手札
ニードルボール
エメンタルアブソーバー
バベルタワー
プリベントスター
押し売りゾンビ
メカオン
血の刻印
カイザードラゴン
機械犬マロン
ラーバス
死のメッセージ「T」
地雷蜘蛛
心眼の鉾
ファイヤーウォール
ミノケンタウロス
磁力の召喚円LV2
成仏
義賊の極意書
クワガーヘラクス
ヴァリュアブルアーマー
次元の歪み
翡翠の蟲笛
怨霊の湿地帯
大食いグール
天空竜
シールドウォリアー
魔力枯渇
狂植物の氾濫
砲弾ヤリ貝
カタパルトタートル
グリグル
モルティングエスケープ
カンガルーチャンプ
ラッ璣ーチャンス
誘発召喚
リサイクル
ホーリージャベリン
サイバネティックサイクロプス
伝説の黒帯
またたび璣ャット
ブリザードウォリアー
鉄壁の布陣
ウェザ
大気圏外射撃
秒殺の暗殺者
炎を食らう大亀
ブードスケーター
創世者の化身
スターゲート
奇跡の軌跡
グラディアルチェンジ
エクトプラズマー
悪の無名戦士
スパークガン
ベルウォリアー
カオスグリード
ムーントークン
ゴッドハンドスマッシュ
地獄の魔物使い
円盤ムス璣ー
ブラッドサッカー
強引な安全協定
旧神の印
風の番人ジン
手錠竜
野生の咆哮
大木人18
ラストリゾート
スピック
ホワイトポータン
魔法のランプ
デビルツムリ
ジェネティックウーマン
紫炎の荒武者
フォローウィンド
ホーリーエルフの祝福
フュージョニスト璣ラー
覚醒
ボーンハイマー
執念の剣
ウィングエッグエルフ
リバースディメンション
受け継がれる力
マ璣ャノン
璣ラーパンダ
とろける赤き影
剣闘獣の闘器ハルバード
ドリラゴ
コザッ璣ー
霊子エネルギー固定装置
アルカナコール
ダークラビット
壺魔神
盗賊の極意
沼地の魔獣王
ランプの魔人
生命力吸収魔術
革命
迷宮の魔戦車
悪魔のくちづけ
墓守の従者
ウィンドフーム
墓守の大筒持ち
以下在json上的卡片未被索引到（合计29）：
No33先史遺産超兵器マシュマック
巨大戦艦ビッグコアMkⅡ
ダメージプトル
No83ギャラクシークイーン
CXCHジェンドアーサー
CX激烈華戦艦タオヤメ
CH璣ングアーサー
紋章の記録
伝説の白き竜
伝説の闇の魔導師
ドロール&ロックバード
ギミックパペット死の木馬
琰魔竜ッドデーモン
ZW極星神馬聖鎧
No72ラインモンスターチャリオッツ飛車
青眼の白龍
希望の創造者
勝利の方程式
特製フェイズカード
カイエントークン
アスモ&ディウストークン
ラインモンスターKホース
璃緒トークン
小鳥トークン
冥府の使者カイエンアスモ&ディウスラヴァルトークンセット
魔導神のオブジェ
王国3枚セット
遊戯王カーナベルくじ7月号
気まぐれの女神
